[2025-06-07T05:28:39.866Z] [ERROR] Failed to initialize Supabase client {"error_message":"Missing Supabase configuration","error_stack":"Error: Missing Supabase configuration\n    at eval (file:///home/project/backend/server.js:101:11)\n    at _0x19ac82 (https://zp1v56uxy8rdx5ypatb0ockcb9tr6a-oci3-x4dmzgag.w-credentialless-staticblitz.com/blitz.6ba59070.js:31:830750)\n    at _0xe98a4d.run (https://zp1v56uxy8rdx5ypatb0ockcb9tr6a-oci3-x4dmzgag.w-credentialless-staticblitz.com/blitz.6ba59070.js:31:831522)\n    at _0x472cd1 (https://zp1v56uxy8rdx5ypatb0ockcb9tr6a-oci3-x4dmzgag.w-credentialless-staticblitz.com/blitz.6ba59070.js:31:846391)\n    at _0x44cf1d._evaluate (https://zp1v56uxy8rdx5ypatb0ockcb9tr6a-oci3-x4dmzgag.w-credentialless-staticblitz.com/blitz.6ba59070.js:31:846744)\n    at _0x44cf1d.evaluate (https://zp1v56uxy8rdx5ypatb0ockcb9tr6a-oci3-x4dmzgag.w-credentialless-staticblitz.com/blitz.6ba59070.js:31:843219)\n    at ModuleJob.run (node:internal/modules/esm/module_job:158:3371)\n    at async ModuleLoader.import (node:internal/modules/esm/loader:157:5061)\n    at async asyncRunEntryPointWithESMLoader (node:internal/modules/run_main:168:797)"}
[2025-06-07T19:01:26.257Z] [ERROR] Missing required environment variables {"missing_variables":["SUPABASE_URL","SUPABASE_KEY","SUPABASE_JWT_SECRET"],"available_variables":[],"env_file_exists":false}
[2025-06-07T20:23:40.818Z] [ERROR] Missing required environment variables {"missing_variables":["SUPABASE_URL","SUPABASE_KEY","SUPABASE_JWT_SECRET"],"available_variables":[],"env_file_exists":false}
[2025-06-07T23:02:42.123Z] [ERROR] Missing required environment variables {
  "missing_variables": [
    "SUPABASE_URL",
    "SUPABASE_KEY",
    "SUPABASE_JWT_SECRET"
  ],
  "available_variables": [],
  "env_file_exists": false
}
[2025-06-08T01:55:39.130Z] [ERROR] Unhandled server error {
  "path": "/",
  "method": "GET",
  "ip": "127.0.0.1",
  "user_agent": "Mozilla/5.0 (Windows NT 10.0; Win64; x64) AppleWebKit/537.36 (KHTML, like Gecko) Chrome/137.0.0.0 Sa",
  "error_stack": "Error: Not allowed by CORS\n    at origin (file:///home/project/backend/server.js:267:14)\n    at eval (/home/project/backend/node_modules/cors/lib/index.js:219:13)\n    at optionsCallback (/home/project/backend/node_modules/cors/lib/index.js:199:9)\n    at corsMiddleware (/home/project/backend/node_modules/cors/lib/index.js:204:7)\n    at Layer.handle (/home/project/backend/node_modules/express/lib/router/layer.js:95:5)\n    at trim_prefix (/home/project/backend/node_modules/express/lib/router/index.js:328:13)\n    at eval (/home/project/backend/node_modules/express/lib/router/index.js:286:9)\n    at router.process_params (/home/project/backend/node_modules/express/lib/router/index.js:346:12)\n    at next (/home/project/backend/node_modules/express/lib/router/index.js:280:10)\n    at expressInit (/home/project/backend/node_modules/express/lib/middleware/init.js:40:5)\n    at Layer.handle (/home/project/backend/node_modules/express/lib/router/layer.js:95:5)\n    at trim_prefix (/home/project/backend/node_modules/express/lib/router/index.js:328:13)\n    at eval (/home/project/backend/node_modules/express/lib/router/index.js:286:9)\n    at router.process_params (/home/project/backend/node_modules/express/lib/router/index.js:346:12)\n    at next (/home/project/backend/node_modules/express/lib/router/index.js:280:10)\n    at query (/home/project/backend/node_modules/express/lib/middleware/query.js:45:5)",
  "error_message": "Not allowed by CORS"
}
[2025-06-08T02:24:07.151Z] [ERROR] Unhandled server error {
  "path": "/",
  "method": "GET",
  "ip": "127.0.0.1",
  "user_agent": "Mozilla/5.0 (Windows NT 10.0; Win64; x64) AppleWebKit/537.36 (KHTML, like Gecko) Chrome/137.0.0.0 Sa",
  "error_stack": "Error: Not allowed by CORS\n    at origin (file:///home/project/backend/server.js:267:14)\n    at eval (/home/project/backend/node_modules/cors/lib/index.js:219:13)\n    at optionsCallback (/home/project/backend/node_modules/cors/lib/index.js:199:9)\n    at corsMiddleware (/home/project/backend/node_modules/cors/lib/index.js:204:7)\n    at Layer.handle (/home/project/backend/node_modules/express/lib/router/layer.js:95:5)\n    at trim_prefix (/home/project/backend/node_modules/express/lib/router/index.js:328:13)\n    at eval (/home/project/backend/node_modules/express/lib/router/index.js:286:9)\n    at router.process_params (/home/project/backend/node_modules/express/lib/router/index.js:346:12)\n    at next (/home/project/backend/node_modules/express/lib/router/index.js:280:10)\n    at expressInit (/home/project/backend/node_modules/express/lib/middleware/init.js:40:5)\n    at Layer.handle (/home/project/backend/node_modules/express/lib/router/layer.js:95:5)\n    at trim_prefix (/home/project/backend/node_modules/express/lib/router/index.js:328:13)\n    at eval (/home/project/backend/node_modules/express/lib/router/index.js:286:9)\n    at router.process_params (/home/project/backend/node_modules/express/lib/router/index.js:346:12)\n    at next (/home/project/backend/node_modules/express/lib/router/index.js:280:10)\n    at query (/home/project/backend/node_modules/express/lib/middleware/query.js:45:5)",
  "error_message": "Not allowed by CORS"
}
[2025-06-08T07:24:46.414Z] [ERROR] Missing required environment variables {
  "missing_variables": [
    "SUPABASE_URL",
    "SUPABASE_KEY",
    "SUPABASE_JWT_SECRET"
  ],
  "available_variables": [],
  "env_file_exists": false,
  "working_directory": "/home/savevsgames/Medical_RAG_Vector_Uploader/backend",
  "process_cwd": "/home/savevsgames/Medical_RAG_Vector_Uploader/backend",
  "all_env_keys_count": 46
}
[2025-06-08T07:33:55.051Z] [ERROR] Unhandled server error {
  "path": "/",
  "method": "GET",
  "ip": "127.0.0.1",
  "user_agent": "Mozilla/5.0 (Windows NT 10.0; Win64; x64) AppleWebKit/537.36 (KHTML, like Gecko) Chrome/137.0.0.0 Sa",
  "error_stack": "Error: Not allowed by CORS\n    at origin (file:///home/project/backend/server.js:242:14)\n    at eval (/home/project/backend/node_modules/cors/lib/index.js:219:13)\n    at optionsCallback (/home/project/backend/node_modules/cors/lib/index.js:199:9)\n    at corsMiddleware (/home/project/backend/node_modules/cors/lib/index.js:204:7)\n    at Layer.handle (/home/project/backend/node_modules/express/lib/router/layer.js:95:5)\n    at trim_prefix (/home/project/backend/node_modules/express/lib/router/index.js:328:13)\n    at eval (/home/project/backend/node_modules/express/lib/router/index.js:286:9)\n    at router.process_params (/home/project/backend/node_modules/express/lib/router/index.js:346:12)\n    at next (/home/project/backend/node_modules/express/lib/router/index.js:280:10)\n    at expressInit (/home/project/backend/node_modules/express/lib/middleware/init.js:40:5)\n    at Layer.handle (/home/project/backend/node_modules/express/lib/router/layer.js:95:5)\n    at trim_prefix (/home/project/backend/node_modules/express/lib/router/index.js:328:13)\n    at eval (/home/project/backend/node_modules/express/lib/router/index.js:286:9)\n    at router.process_params (/home/project/backend/node_modules/express/lib/router/index.js:346:12)\n    at next (/home/project/backend/node_modules/express/lib/router/index.js:280:10)\n    at query (/home/project/backend/node_modules/express/lib/middleware/query.js:45:5)",
  "error_message": "Not allowed by CORS"
}
