[2025-06-07T05:28:39.849Z] [INFO] 🚀 Medical RAG Server starting up... 
[2025-06-07T05:28:39.850Z] [INFO] Environment check {"node_version":"v20.19.1","port":8000,"working_directory":"/home/project/backend"}
[2025-06-07T05:28:39.850Z] [INFO] === DIAGNOSTIC CHECKS === 
[2025-06-07T05:28:39.851Z] [INFO] SUCCESS: DocumentProcessor connection verified {"path":"/home/project/backend/lib/documentProcessor.js"}
[2025-06-07T05:28:39.851Z] [INFO] SUCCESS: Embedder connection verified {"path":"/home/project/backend/lib/embedder.js"}
[2025-06-07T05:28:39.853Z] [INFO] SUCCESS: ChatService connection verified {"path":"/home/project/backend/lib/chatService.js"}
[2025-06-07T05:28:39.854Z] [INFO] SUCCESS: Agent Utils Directory connection verified {"path":"/home/project/backend/agent_utils"}
[2025-06-07T05:28:39.855Z] [INFO] Lib directory contents {"files":["chatService.js","documentProcessor.js","embedder.js"]}
[2025-06-07T05:28:39.857Z] [INFO] Agent utils directory contents {"files":["agentController.js","agentManager.js","agentMiddleware.js","errorLogger.js","index.js","runpodService.js"]}
[2025-06-07T05:28:39.857Z] [INFO] === END DIAGNOSTIC === 
[2025-06-07T05:28:39.862Z] [INFO] SUCCESS: DocumentProcessor initialized 
[2025-06-07T05:28:39.863Z] [INFO] SUCCESS: EmbeddingService initialized 
[2025-06-07T19:01:26.256Z] [INFO] 🚀 Medical RAG Server starting up... 
[2025-06-07T19:01:26.257Z] [INFO] Environment check {"node_version":"v20.19.1","port":8000,"working_directory":"/home/project/backend"}
[2025-06-07T20:23:40.817Z] [INFO] 🚀 Medical RAG Server starting up... 
[2025-06-07T20:23:40.817Z] [INFO] Environment check {"node_version":"v20.19.1","port":8000,"working_directory":"/home/project/backend"}
[2025-06-07T23:02:42.122Z] [INFO] 🚀 Medical RAG Server starting up... 
[2025-06-07T23:02:42.122Z] [INFO] Environment check {
  "node_version": "v20.19.1",
  "port": 8000,
  "working_directory": "/home/project/backend"
}
