[2025-06-08T01:55:37.944Z] [WARN] Frontend dist directory not found {
  "expected_path": "/home/project/frontend/dist",
  "current_dir": "/home/project/backend"
}
[2025-06-08T01:55:39.129Z] [WARN] CORS origin rejected {
  "origin": "http://localhost:8000"
}
[2025-06-08T02:24:06.936Z] [WARN] Frontend dist directory not found {
  "expected_path": "/home/project/frontend/dist",
  "current_dir": "/home/project/backend"
}
[2025-06-08T02:24:07.150Z] [WARN] CORS origin rejected {
  "origin": "http://localhost:8000"
}
[2025-06-08T07:33:54.859Z] [WARN] Frontend dist directory not found {
  "expected_path": "/home/project/frontend/dist",
  "current_dir": "/home/project/backend"
}
[2025-06-08T07:33:55.049Z] [WARN] CORS origin rejected {
  "origin": "http://localhost:8000"
}
[2025-06-08T07:52:02.316Z] [WARN] Frontend dist directory not found {
  "expected_path": "/home/project/frontend/dist",
  "current_dir": "/home/project/backend"
}
[2025-06-08T07:52:02.574Z] [WARN] CORS origin rejected {
  "origin": "http://localhost:8000"
}
[2025-06-08T08:11:20.344Z] [WARN] Frontend dist directory not found {
  "expected_path": "/home/project/frontend/dist",
  "current_dir": "/home/project/backend"
}
[2025-06-08T08:11:21.765Z] [WARN] CORS origin rejected {
  "origin": "http://localhost:8000"
}
